[    1358ms] [WARNING] Translation key "meta.credit_text.video" is missing in namespace "medium" @ https://static.pexels.com/1/_next/static/chunks/pages/_app-1066ce57480b7c02.js:0
[    1410ms] [WARNING] Translation key "meta.credit_text.video" is missing in namespace "medium" @ https://static.pexels.com/1/_next/static/chunks/pages/_app-1066ce57480b7c02.js:0
[    1455ms] Uncaught Error: Minified React error #418; visit https://reactjs.org/docs/error-decoder.html?invariant=418 for the full message or use the non-minified dev environment for full errors and additional helpful warnings.
    at lg (https://static.pexels.com/1/_next/static/chunks/framework-f6f57397558939f3.js:0:53939)
    at i (https://static.pexels.com/1/_next/static/chunks/framework-f6f57397558939f3.js:0:128614)
    at oD (https://static.pexels.com/1/_next/static/chunks/framework-f6f57397558939f3.js:0:106598)
    at oO (https://static.pexels.com/1/_next/static/chunks/framework-f6f57397558939f3.js:0:106468)
    at ox (https://static.pexels.com/1/_next/static/chunks/framework-f6f57397558939f3.js:0:101541)
    at x (https://static.pexels.com/1/_next/static/chunks/framework-f6f57397558939f3.js:0:137675)
    at T (https://static.pexels.com/1/_next/static/chunks/framework-f6f57397558939f3.js:0:138196)
[    1455ms] Uncaught Error: Minified React error #418; visit https://reactjs.org/docs/error-decoder.html?invariant=418 for the full message or use the non-minified dev environment for full errors and additional helpful warnings.
    at lg (https://static.pexels.com/1/_next/static/chunks/framework-f6f57397558939f3.js:0:53939)
    at i (https://static.pexels.com/1/_next/static/chunks/framework-f6f57397558939f3.js:0:128614)
    at oD (https://static.pexels.com/1/_next/static/chunks/framework-f6f57397558939f3.js:0:106598)
    at oO (https://static.pexels.com/1/_next/static/chunks/framework-f6f57397558939f3.js:0:106468)
    at ox (https://static.pexels.com/1/_next/static/chunks/framework-f6f57397558939f3.js:0:101541)
    at x (https://static.pexels.com/1/_next/static/chunks/framework-f6f57397558939f3.js:0:137675)
    at T (https://static.pexels.com/1/_next/static/chunks/framework-f6f57397558939f3.js:0:138196)
[    1455ms] Uncaught Error: Minified React error #418; visit https://reactjs.org/docs/error-decoder.html?invariant=418 for the full message or use the non-minified dev environment for full errors and additional helpful warnings.
    at lg (https://static.pexels.com/1/_next/static/chunks/framework-f6f57397558939f3.js:0:53939)
    at i (https://static.pexels.com/1/_next/static/chunks/framework-f6f57397558939f3.js:0:128614)
    at oD (https://static.pexels.com/1/_next/static/chunks/framework-f6f57397558939f3.js:0:106598)
    at oO (https://static.pexels.com/1/_next/static/chunks/framework-f6f57397558939f3.js:0:106468)
    at ox (https://static.pexels.com/1/_next/static/chunks/framework-f6f57397558939f3.js:0:101541)
    at x (https://static.pexels.com/1/_next/static/chunks/framework-f6f57397558939f3.js:0:137675)
    at T (https://static.pexels.com/1/_next/static/chunks/framework-f6f57397558939f3.js:0:138196)
[    1455ms] Uncaught Error: Minified React error #418; visit https://reactjs.org/docs/error-decoder.html?invariant=418 for the full message or use the non-minified dev environment for full errors and additional helpful warnings.
    at lg (https://static.pexels.com/1/_next/static/chunks/framework-f6f57397558939f3.js:0:53939)
    at i (https://static.pexels.com/1/_next/static/chunks/framework-f6f57397558939f3.js:0:128614)
    at oD (https://static.pexels.com/1/_next/static/chunks/framework-f6f57397558939f3.js:0:106598)
    at oO (https://static.pexels.com/1/_next/static/chunks/framework-f6f57397558939f3.js:0:106468)
    at ox (https://static.pexels.com/1/_next/static/chunks/framework-f6f57397558939f3.js:0:101541)
    at x (https://static.pexels.com/1/_next/static/chunks/framework-f6f57397558939f3.js:0:137675)
    at T (https://static.pexels.com/1/_next/static/chunks/framework-f6f57397558939f3.js:0:138196)
[    1456ms] Uncaught Error: Minified React error #418; visit https://reactjs.org/docs/error-decoder.html?invariant=418 for the full message or use the non-minified dev environment for full errors and additional helpful warnings.
    at lg (https://static.pexels.com/1/_next/static/chunks/framework-f6f57397558939f3.js:0:53939)
    at i (https://static.pexels.com/1/_next/static/chunks/framework-f6f57397558939f3.js:0:128614)
    at oD (https://static.pexels.com/1/_next/static/chunks/framework-f6f57397558939f3.js:0:106598)
    at oO (https://static.pexels.com/1/_next/static/chunks/framework-f6f57397558939f3.js:0:106468)
    at ox (https://static.pexels.com/1/_next/static/chunks/framework-f6f57397558939f3.js:0:101541)
    at x (https://static.pexels.com/1/_next/static/chunks/framework-f6f57397558939f3.js:0:137675)
    at T (https://static.pexels.com/1/_next/static/chunks/framework-f6f57397558939f3.js:0:138196)
[    1456ms] Uncaught Error: Minified React error #418; visit https://reactjs.org/docs/error-decoder.html?invariant=418 for the full message or use the non-minified dev environment for full errors and additional helpful warnings.
    at lg (https://static.pexels.com/1/_next/static/chunks/framework-f6f57397558939f3.js:0:53939)
    at i (https://static.pexels.com/1/_next/static/chunks/framework-f6f57397558939f3.js:0:128614)
    at oD (https://static.pexels.com/1/_next/static/chunks/framework-f6f57397558939f3.js:0:106598)
    at oO (https://static.pexels.com/1/_next/static/chunks/framework-f6f57397558939f3.js:0:106468)
    at ox (https://static.pexels.com/1/_next/static/chunks/framework-f6f57397558939f3.js:0:101541)
    at x (https://static.pexels.com/1/_next/static/chunks/framework-f6f57397558939f3.js:0:137675)
    at T (https://static.pexels.com/1/_next/static/chunks/framework-f6f57397558939f3.js:0:138196)
[    1456ms] Uncaught Error: Minified React error #418; visit https://reactjs.org/docs/error-decoder.html?invariant=418 for the full message or use the non-minified dev environment for full errors and additional helpful warnings.
    at lg (https://static.pexels.com/1/_next/static/chunks/framework-f6f57397558939f3.js:0:53939)
    at i (https://static.pexels.com/1/_next/static/chunks/framework-f6f57397558939f3.js:0:128614)
    at oD (https://static.pexels.com/1/_next/static/chunks/framework-f6f57397558939f3.js:0:106598)
    at oO (https://static.pexels.com/1/_next/static/chunks/framework-f6f57397558939f3.js:0:106468)
    at ox (https://static.pexels.com/1/_next/static/chunks/framework-f6f57397558939f3.js:0:101541)
    at x (https://static.pexels.com/1/_next/static/chunks/framework-f6f57397558939f3.js:0:137675)
    at T (https://static.pexels.com/1/_next/static/chunks/framework-f6f57397558939f3.js:0:138196)
[    1456ms] Uncaught Error: Minified React error #418; visit https://reactjs.org/docs/error-decoder.html?invariant=418 for the full message or use the non-minified dev environment for full errors and additional helpful warnings.
    at lg (https://static.pexels.com/1/_next/static/chunks/framework-f6f57397558939f3.js:0:53939)
    at i (https://static.pexels.com/1/_next/static/chunks/framework-f6f57397558939f3.js:0:128614)
    at oD (https://static.pexels.com/1/_next/static/chunks/framework-f6f57397558939f3.js:0:106598)
    at oO (https://static.pexels.com/1/_next/static/chunks/framework-f6f57397558939f3.js:0:106468)
    at ox (https://static.pexels.com/1/_next/static/chunks/framework-f6f57397558939f3.js:0:101541)
    at x (https://static.pexels.com/1/_next/static/chunks/framework-f6f57397558939f3.js:0:137675)
    at T (https://static.pexels.com/1/_next/static/chunks/framework-f6f57397558939f3.js:0:138196)
[    1456ms] Uncaught Error: Minified React error #418; visit https://reactjs.org/docs/error-decoder.html?invariant=418 for the full message or use the non-minified dev environment for full errors and additional helpful warnings.
    at lg (https://static.pexels.com/1/_next/static/chunks/framework-f6f57397558939f3.js:0:53939)
    at i (https://static.pexels.com/1/_next/static/chunks/framework-f6f57397558939f3.js:0:128614)
    at oD (https://static.pexels.com/1/_next/static/chunks/framework-f6f57397558939f3.js:0:106598)
    at oO (https://static.pexels.com/1/_next/static/chunks/framework-f6f57397558939f3.js:0:106468)
    at ox (https://static.pexels.com/1/_next/static/chunks/framework-f6f57397558939f3.js:0:101541)
    at x (https://static.pexels.com/1/_next/static/chunks/framework-f6f57397558939f3.js:0:137675)
    at T (https://static.pexels.com/1/_next/static/chunks/framework-f6f57397558939f3.js:0:138196)
[    1456ms] Uncaught Error: Minified React error #418; visit https://reactjs.org/docs/error-decoder.html?invariant=418 for the full message or use the non-minified dev environment for full errors and additional helpful warnings.
    at lg (https://static.pexels.com/1/_next/static/chunks/framework-f6f57397558939f3.js:0:53939)
    at i (https://static.pexels.com/1/_next/static/chunks/framework-f6f57397558939f3.js:0:128614)
    at oD (https://static.pexels.com/1/_next/static/chunks/framework-f6f57397558939f3.js:0:106598)
    at oO (https://static.pexels.com/1/_next/static/chunks/framework-f6f57397558939f3.js:0:106468)
    at ox (https://static.pexels.com/1/_next/static/chunks/framework-f6f57397558939f3.js:0:101541)
    at x (https://static.pexels.com/1/_next/static/chunks/framework-f6f57397558939f3.js:0:137675)
    at T (https://static.pexels.com/1/_next/static/chunks/framework-f6f57397558939f3.js:0:138196)
[    1456ms] Uncaught Error: Minified React error #418; visit https://reactjs.org/docs/error-decoder.html?invariant=418 for the full message or use the non-minified dev environment for full errors and additional helpful warnings.
    at lg (https://static.pexels.com/1/_next/static/chunks/framework-f6f57397558939f3.js:0:53939)
    at i (https://static.pexels.com/1/_next/static/chunks/framework-f6f57397558939f3.js:0:128614)
    at oD (https://static.pexels.com/1/_next/static/chunks/framework-f6f57397558939f3.js:0:106598)
    at oO (https://static.pexels.com/1/_next/static/chunks/framework-f6f57397558939f3.js:0:106468)
    at ox (https://static.pexels.com/1/_next/static/chunks/framework-f6f57397558939f3.js:0:101541)
    at x (https://static.pexels.com/1/_next/static/chunks/framework-f6f57397558939f3.js:0:137675)
    at T (https://static.pexels.com/1/_next/static/chunks/framework-f6f57397558939f3.js:0:138196)
[    1456ms] Uncaught Error: Minified React error #418; visit https://reactjs.org/docs/error-decoder.html?invariant=418 for the full message or use the non-minified dev environment for full errors and additional helpful warnings.
    at lg (https://static.pexels.com/1/_next/static/chunks/framework-f6f57397558939f3.js:0:53939)
    at i (https://static.pexels.com/1/_next/static/chunks/framework-f6f57397558939f3.js:0:128614)
    at oD (https://static.pexels.com/1/_next/static/chunks/framework-f6f57397558939f3.js:0:106598)
    at oO (https://static.pexels.com/1/_next/static/chunks/framework-f6f57397558939f3.js:0:106468)
    at ox (https://static.pexels.com/1/_next/static/chunks/framework-f6f57397558939f3.js:0:101541)
    at x (https://static.pexels.com/1/_next/static/chunks/framework-f6f57397558939f3.js:0:137675)
    at T (https://static.pexels.com/1/_next/static/chunks/framework-f6f57397558939f3.js:0:138196)
[    1456ms] Uncaught Error: Minified React error #418; visit https://reactjs.org/docs/error-decoder.html?invariant=418 for the full message or use the non-minified dev environment for full errors and additional helpful warnings.
    at lg (https://static.pexels.com/1/_next/static/chunks/framework-f6f57397558939f3.js:0:53939)
    at i (https://static.pexels.com/1/_next/static/chunks/framework-f6f57397558939f3.js:0:128614)
    at oD (https://static.pexels.com/1/_next/static/chunks/framework-f6f57397558939f3.js:0:106598)
    at oO (https://static.pexels.com/1/_next/static/chunks/framework-f6f57397558939f3.js:0:106468)
    at ox (https://static.pexels.com/1/_next/static/chunks/framework-f6f57397558939f3.js:0:101541)
    at x (https://static.pexels.com/1/_next/static/chunks/framework-f6f57397558939f3.js:0:137675)
    at T (https://static.pexels.com/1/_next/static/chunks/framework-f6f57397558939f3.js:0:138196)
[    1456ms] Uncaught Error: Minified React error #418; visit https://reactjs.org/docs/error-decoder.html?invariant=418 for the full message or use the non-minified dev environment for full errors and additional helpful warnings.
    at lg (https://static.pexels.com/1/_next/static/chunks/framework-f6f57397558939f3.js:0:53939)
    at i (https://static.pexels.com/1/_next/static/chunks/framework-f6f57397558939f3.js:0:128614)
    at oD (https://static.pexels.com/1/_next/static/chunks/framework-f6f57397558939f3.js:0:106598)
    at oO (https://static.pexels.com/1/_next/static/chunks/framework-f6f57397558939f3.js:0:106468)
    at ox (https://static.pexels.com/1/_next/static/chunks/framework-f6f57397558939f3.js:0:101541)
    at x (https://static.pexels.com/1/_next/static/chunks/framework-f6f57397558939f3.js:0:137675)
    at T (https://static.pexels.com/1/_next/static/chunks/framework-f6f57397558939f3.js:0:138196)
[    1456ms] Uncaught Error: Minified React error #418; visit https://reactjs.org/docs/error-decoder.html?invariant=418 for the full message or use the non-minified dev environment for full errors and additional helpful warnings.
    at lg (https://static.pexels.com/1/_next/static/chunks/framework-f6f57397558939f3.js:0:53939)
    at i (https://static.pexels.com/1/_next/static/chunks/framework-f6f57397558939f3.js:0:128614)
    at oD (https://static.pexels.com/1/_next/static/chunks/framework-f6f57397558939f3.js:0:106598)
    at oO (https://static.pexels.com/1/_next/static/chunks/framework-f6f57397558939f3.js:0:106468)
    at ox (https://static.pexels.com/1/_next/static/chunks/framework-f6f57397558939f3.js:0:101541)
    at x (https://static.pexels.com/1/_next/static/chunks/framework-f6f57397558939f3.js:0:137675)
    at T (https://static.pexels.com/1/_next/static/chunks/framework-f6f57397558939f3.js:0:138196)
[    1456ms] Uncaught Error: Minified React error #418; visit https://reactjs.org/docs/error-decoder.html?invariant=418 for the full message or use the non-minified dev environment for full errors and additional helpful warnings.
    at lg (https://static.pexels.com/1/_next/static/chunks/framework-f6f57397558939f3.js:0:53939)
    at i (https://static.pexels.com/1/_next/static/chunks/framework-f6f57397558939f3.js:0:128614)
    at oD (https://static.pexels.com/1/_next/static/chunks/framework-f6f57397558939f3.js:0:106598)
    at oO (https://static.pexels.com/1/_next/static/chunks/framework-f6f57397558939f3.js:0:106468)
    at ox (https://static.pexels.com/1/_next/static/chunks/framework-f6f57397558939f3.js:0:101541)
    at x (https://static.pexels.com/1/_next/static/chunks/framework-f6f57397558939f3.js:0:137675)
    at T (https://static.pexels.com/1/_next/static/chunks/framework-f6f57397558939f3.js:0:138196)
[    1456ms] Uncaught Error: Minified React error #418; visit https://reactjs.org/docs/error-decoder.html?invariant=418 for the full message or use the non-minified dev environment for full errors and additional helpful warnings.
    at lg (https://static.pexels.com/1/_next/static/chunks/framework-f6f57397558939f3.js:0:53939)
    at i (https://static.pexels.com/1/_next/static/chunks/framework-f6f57397558939f3.js:0:128614)
    at oD (https://static.pexels.com/1/_next/static/chunks/framework-f6f57397558939f3.js:0:106598)
    at oO (https://static.pexels.com/1/_next/static/chunks/framework-f6f57397558939f3.js:0:106468)
    at ox (https://static.pexels.com/1/_next/static/chunks/framework-f6f57397558939f3.js:0:101541)
    at x (https://static.pexels.com/1/_next/static/chunks/framework-f6f57397558939f3.js:0:137675)
    at T (https://static.pexels.com/1/_next/static/chunks/framework-f6f57397558939f3.js:0:138196)
[    1456ms] Uncaught Error: Minified React error #418; visit https://reactjs.org/docs/error-decoder.html?invariant=418 for the full message or use the non-minified dev environment for full errors and additional helpful warnings.
    at lg (https://static.pexels.com/1/_next/static/chunks/framework-f6f57397558939f3.js:0:53939)
    at i (https://static.pexels.com/1/_next/static/chunks/framework-f6f57397558939f3.js:0:128614)
    at oD (https://static.pexels.com/1/_next/static/chunks/framework-f6f57397558939f3.js:0:106598)
    at oO (https://static.pexels.com/1/_next/static/chunks/framework-f6f57397558939f3.js:0:106468)
    at ox (https://static.pexels.com/1/_next/static/chunks/framework-f6f57397558939f3.js:0:101541)
    at x (https://static.pexels.com/1/_next/static/chunks/framework-f6f57397558939f3.js:0:137675)
    at T (https://static.pexels.com/1/_next/static/chunks/framework-f6f57397558939f3.js:0:138196)
[    1456ms] Uncaught Error: Minified React error #418; visit https://reactjs.org/docs/error-decoder.html?invariant=418 for the full message or use the non-minified dev environment for full errors and additional helpful warnings.
    at lg (https://static.pexels.com/1/_next/static/chunks/framework-f6f57397558939f3.js:0:53939)
    at i (https://static.pexels.com/1/_next/static/chunks/framework-f6f57397558939f3.js:0:128614)
    at oD (https://static.pexels.com/1/_next/static/chunks/framework-f6f57397558939f3.js:0:106598)
    at oO (https://static.pexels.com/1/_next/static/chunks/framework-f6f57397558939f3.js:0:106468)
    at ox (https://static.pexels.com/1/_next/static/chunks/framework-f6f57397558939f3.js:0:101541)
    at x (https://static.pexels.com/1/_next/static/chunks/framework-f6f57397558939f3.js:0:137675)
    at T (https://static.pexels.com/1/_next/static/chunks/framework-f6f57397558939f3.js:0:138196)
[    1456ms] Uncaught Error: Minified React error #418; visit https://reactjs.org/docs/error-decoder.html?invariant=418 for the full message or use the non-minified dev environment for full errors and additional helpful warnings.
    at lg (https://static.pexels.com/1/_next/static/chunks/framework-f6f57397558939f3.js:0:53939)
    at i (https://static.pexels.com/1/_next/static/chunks/framework-f6f57397558939f3.js:0:128614)
    at oD (https://static.pexels.com/1/_next/static/chunks/framework-f6f57397558939f3.js:0:106598)
    at oO (https://static.pexels.com/1/_next/static/chunks/framework-f6f57397558939f3.js:0:106468)
    at ox (https://static.pexels.com/1/_next/static/chunks/framework-f6f57397558939f3.js:0:101541)
    at x (https://static.pexels.com/1/_next/static/chunks/framework-f6f57397558939f3.js:0:137675)
    at T (https://static.pexels.com/1/_next/static/chunks/framework-f6f57397558939f3.js:0:138196)
[    1456ms] Uncaught Error: Minified React error #418; visit https://reactjs.org/docs/error-decoder.html?invariant=418 for the full message or use the non-minified dev environment for full errors and additional helpful warnings.
    at lg (https://static.pexels.com/1/_next/static/chunks/framework-f6f57397558939f3.js:0:53939)
    at i (https://static.pexels.com/1/_next/static/chunks/framework-f6f57397558939f3.js:0:128614)
    at oD (https://static.pexels.com/1/_next/static/chunks/framework-f6f57397558939f3.js:0:106598)
    at oO (https://static.pexels.com/1/_next/static/chunks/framework-f6f57397558939f3.js:0:106468)
    at ox (https://static.pexels.com/1/_next/static/chunks/framework-f6f57397558939f3.js:0:101541)
    at x (https://static.pexels.com/1/_next/static/chunks/framework-f6f57397558939f3.js:0:137675)
    at T (https://static.pexels.com/1/_next/static/chunks/framework-f6f57397558939f3.js:0:138196)
[    1456ms] Uncaught Error: Minified React error #418; visit https://reactjs.org/docs/error-decoder.html?invariant=418 for the full message or use the non-minified dev environment for full errors and additional helpful warnings.
    at lg (https://static.pexels.com/1/_next/static/chunks/framework-f6f57397558939f3.js:0:53939)
    at i (https://static.pexels.com/1/_next/static/chunks/framework-f6f57397558939f3.js:0:128614)
    at oD (https://static.pexels.com/1/_next/static/chunks/framework-f6f57397558939f3.js:0:106598)
    at oO (https://static.pexels.com/1/_next/static/chunks/framework-f6f57397558939f3.js:0:106468)
    at ox (https://static.pexels.com/1/_next/static/chunks/framework-f6f57397558939f3.js:0:101541)
    at x (https://static.pexels.com/1/_next/static/chunks/framework-f6f57397558939f3.js:0:137675)
    at T (https://static.pexels.com/1/_next/static/chunks/framework-f6f57397558939f3.js:0:138196)
[    1456ms] Uncaught Error: Minified React error #423; visit https://reactjs.org/docs/error-decoder.html?invariant=423 for the full message or use the non-minified dev environment for full errors and additional helpful warnings.
    at i (https://static.pexels.com/1/_next/static/chunks/framework-f6f57397558939f3.js:0:128273)
    at oD (https://static.pexels.com/1/_next/static/chunks/framework-f6f57397558939f3.js:0:106598)
    at oO (https://static.pexels.com/1/_next/static/chunks/framework-f6f57397558939f3.js:0:106468)
    at oE (https://static.pexels.com/1/_next/static/chunks/framework-f6f57397558939f3.js:0:103239)
    at ox (https://static.pexels.com/1/_next/static/chunks/framework-f6f57397558939f3.js:0:101794)
    at x (https://static.pexels.com/1/_next/static/chunks/framework-f6f57397558939f3.js:0:137675)
    at T (https://static.pexels.com/1/_next/static/chunks/framework-f6f57397558939f3.js:0:138196)
[    1584ms] [WARNING] Translation key "meta.credit_text.video" is missing in namespace "medium" @ https://static.pexels.com/1/_next/static/chunks/pages/_app-1066ce57480b7c02.js:0
[    1695ms] [WARNING] Translation key "meta.credit_text.video" is missing in namespace "medium" @ https://static.pexels.com/1/vendor/sentry-8.34.0/bundle.tracing.min.js:1
[    1709ms] [WARNING] Translation key "meta.credit_text.video" is missing in namespace "medium" @ https://static.pexels.com/1/vendor/sentry-8.34.0/bundle.tracing.min.js:1
[    1833ms] [ERROR] Failed to load resource: the server responded with a status of 429 () @ https://o13855.ingest.sentry.io/api/4506790129303552/envelope/?sentry_key=5e799d8c9c264e92192de980bc05e33d&sentry_version=7&sentry_client=sentry.javascript.browser%2F8.34.0:0
[    1844ms] [ERROR] Failed to load resource: the server responded with a status of 401 () @ https://www.pexels.com/en-us/api/v2/me:0
[    1879ms] [WARNING] Translation key "meta.credit_text.video" is missing in namespace "medium" @ https://static.pexels.com/1/vendor/sentry-8.34.0/bundle.tracing.min.js:1
[    3512ms] [WARNING] [GSI_LOGGER]: Your client application uses one of the Google One Tap prompt UI status methods that may stop functioning when FedCM becomes mandatory. Refer to the migration guide to update your code accordingly and opt-in to FedCM to test your changes. Learn more: https://developers.google.com/identity/gsi/web/guides/fedcm-migration?s=dc#display_moment and https://developers.google.com/identity/gsi/web/guides/fedcm-migration?s=dc#skipped_moment @ https://static.pexels.com/1/vendor/sentry-8.34.0/bundle.tracing.min.js:1
